{"level":"info","message":"Server running on port 5000","service":"economic-data-api","timestamp":"2025-05-12 13:31:17"}
{"level":"info","message":"ML service initialized successfully","service":"economic-data-api","timestamp":"2025-05-12 13:31:18"}
{"level":"info","message":"Server running on port 5000","service":"economic-data-api","timestamp":"2025-05-12 13:31:33"}
{"level":"info","message":"ML service initialized successfully","service":"economic-data-api","timestamp":"2025-05-12 13:31:33"}
{"level":"info","message":"Server running on port 5000","service":"economic-data-api","timestamp":"2025-05-12 13:52:00"}
{"level":"info","message":"ML service initialized successfully","service":"economic-data-api","timestamp":"2025-05-12 13:52:00"}
{"level":"info","message":"Server running on port 5000","service":"economic-data-api","timestamp":"2025-05-12 13:53:07"}
{"level":"info","message":"ML service initialized successfully","service":"economic-data-api","timestamp":"2025-05-12 13:53:07"}
{"level":"info","message":"Server running on port 5000","service":"economic-data-api","timestamp":"2025-05-12 16:11:09"}
{"level":"info","message":"ML service initialized successfully","service":"economic-data-api","timestamp":"2025-05-12 16:11:09"}
{"calculation":"value","endDate":"2025-05-12","frequency":"m","level":"info","message":"Fetching FRED data for series SP500","service":"economic-data-api","startDate":"2020-05-12","timestamp":"2025-05-12 16:27:49","units":"lin"}
{"calculation":"value","endDate":"2025-05-12","frequency":"m","level":"info","message":"Fetching FRED data for series SP500","service":"economic-data-api","startDate":"2020-05-12","timestamp":"2025-05-12 16:27:50","units":"lin"}
{"calculation":"value","endDate":"2025-05-12","frequency":"m","level":"info","message":"Fetching FRED data for series SP500","service":"economic-data-api","startDate":"2020-05-12","timestamp":"2025-05-12 16:27:55","units":"lin"}
{"calculation":"value","endDate":"2025-05-12","frequency":"m","level":"info","message":"Fetching FRED data for series SP500","service":"economic-data-api","startDate":"2020-05-12","timestamp":"2025-05-12 16:27:55","units":"lin"}
{"calculation":"value","endDate":"2025-05-12","frequency":"m","level":"info","message":"Fetching FRED data for series SP500","service":"economic-data-api","startDate":"2020-05-12","timestamp":"2025-05-12 16:29:05","units":"lin"}
{"calculation":"value","endDate":"2025-05-12","frequency":"m","level":"info","message":"Fetching FRED data for series SP500","service":"economic-data-api","startDate":"2020-05-12","timestamp":"2025-05-12 16:29:05","units":"lin"}
{"calculation":"value","endDate":"2025-05-12","frequency":"m","level":"info","message":"Fetching FRED data for series SP500","service":"economic-data-api","startDate":"2020-05-12","timestamp":"2025-05-12 16:34:23","units":"lin"}
{"calculation":"value","endDate":"2025-05-12","frequency":"m","level":"info","message":"Fetching FRED data for series SP500","service":"economic-data-api","startDate":"2020-05-12","timestamp":"2025-05-12 16:34:23","units":"lin"}
{"calculation":"value","endDate":"2025-05-12","frequency":"m","level":"info","message":"Fetching FRED data for series SP500","service":"economic-data-api","startDate":"2020-05-12","timestamp":"2025-05-12 16:35:24","units":"lin"}
{"calculation":"value","endDate":"2025-05-12","frequency":"m","level":"info","message":"Fetching FRED data for series SP500","service":"economic-data-api","startDate":"2020-05-12","timestamp":"2025-05-12 16:35:24","units":"lin"}
{"level":"info","message":"Server running on port 5000","service":"economic-data-api","timestamp":"2025-05-12 17:59:52"}
{"level":"info","message":"ML service initialized successfully","service":"economic-data-api","timestamp":"2025-05-12 17:59:52"}
{"calculation":"value","endDate":"2025-05-12","frequency":"m","level":"info","message":"Fetching FRED data for series SP500","service":"economic-data-api","startDate":"2020-05-12","timestamp":"2025-05-12 18:10:45","units":"lin"}
{"calculation":"value","endDate":"2025-05-12","frequency":"m","level":"info","message":"Fetching FRED data for series SP500","service":"economic-data-api","startDate":"2020-05-12","timestamp":"2025-05-12 18:10:45","units":"lin"}
{"calculation":"value","endDate":"2025-05-12","frequency":"m","level":"info","message":"Fetching FRED data for series SP500","service":"economic-data-api","startDate":"2020-05-12","timestamp":"2025-05-12 18:15:41","units":"lin"}
{"calculation":"value","endDate":"2025-05-12","frequency":"m","level":"info","message":"Fetching FRED data for series SP500","service":"economic-data-api","startDate":"2020-05-12","timestamp":"2025-05-12 18:15:42","units":"lin"}
{"calculation":"value","endDate":"2025-05-12","frequency":"m","level":"info","message":"Fetching FRED data for series GDP","service":"economic-data-api","startDate":"2020-05-12","timestamp":"2025-05-12 18:17:51","units":"lin"}
{"error":{},"level":"error","message":"Error fetching FRED data: Failed to fetch FRED series GDP: Request failed with status code 400","service":"economic-data-api","timestamp":"2025-05-12 18:17:51"}
{"calculation":"value","endDate":"2025-05-12","frequency":"m","level":"info","message":"Fetching FRED data for series SP500","service":"economic-data-api","startDate":"2020-05-12","timestamp":"2025-05-12 18:20:23","units":"lin"}
{"calculation":"value","endDate":"2025-05-12","frequency":"m","level":"info","message":"Fetching FRED data for series SP500","service":"economic-data-api","startDate":"2020-05-12","timestamp":"2025-05-12 18:20:24","units":"lin"}
{"calculation":"value","endDate":"2025-05-12","frequency":"m","level":"info","message":"Fetching FRED data for series GDP","service":"economic-data-api","startDate":"2020-05-12","timestamp":"2025-05-12 18:21:47","units":"lin"}
{"error":{},"level":"error","message":"Error fetching FRED data: Failed to fetch FRED series GDP: Request failed with status code 400","service":"economic-data-api","timestamp":"2025-05-12 18:21:47"}
{"calculation":"value","endDate":"2025-05-12","frequency":"m","level":"info","message":"Fetching FRED data for series SP500","service":"economic-data-api","startDate":"2020-05-12","timestamp":"2025-05-12 18:25:43","units":"lin"}
{"calculation":"value","endDate":"2025-05-12","frequency":"m","level":"info","message":"Fetching FRED data for series SP500","service":"economic-data-api","startDate":"2020-05-12","timestamp":"2025-05-12 18:25:43","units":"lin"}
{"calculation":"value","endDate":"2025-05-12","frequency":"m","level":"info","message":"Fetching FRED data for series SP500","service":"economic-data-api","startDate":"2020-05-12","timestamp":"2025-05-12 18:27:37","units":"lin"}
{"calculation":"value","endDate":"2025-05-12","frequency":"m","level":"info","message":"Fetching FRED data for series SP500","service":"economic-data-api","startDate":"2020-05-12","timestamp":"2025-05-12 18:27:37","units":"lin"}
{"endYear":"2025","level":"info","message":"Fetching BLS data for type unemployment","service":"economic-data-api","startYear":"2020","timestamp":"2025-05-12 18:34:18"}
{"error":{},"level":"error","message":"Error fetching BLS data: Failed to fetch BLS data: BLS API error: The key:your_bls_api_key provided by the User is invalid. Please provide a proper key for the operation to be successful","service":"economic-data-api","timestamp":"2025-05-12 18:34:19"}
{"calculation":"value","endDate":"2025-05-12","frequency":"m","level":"info","message":"Fetching FRED data for series SP500","service":"economic-data-api","startDate":"2020-05-12","timestamp":"2025-05-12 18:38:26","units":"lin"}
{"calculation":"value","endDate":"2025-05-12","frequency":"m","level":"info","message":"Fetching FRED data for series SP500","service":"economic-data-api","startDate":"2020-05-12","timestamp":"2025-05-12 18:38:26","units":"lin"}
{"calculation":"value","endDate":"2025-05-12","frequency":"m","level":"info","message":"Fetching FRED data for series SP500","service":"economic-data-api","startDate":"2020-05-12","timestamp":"2025-05-12 18:39:26","units":"lin"}
{"calculation":"value","endDate":"2025-05-12","frequency":"m","level":"info","message":"Fetching FRED data for series SP500","service":"economic-data-api","startDate":"2020-05-12","timestamp":"2025-05-12 18:39:26","units":"lin"}
{"calculation":"value","endDate":"2025-05-12","frequency":"m","level":"info","message":"Fetching FRED data for series SP500","service":"economic-data-api","startDate":"2020-05-12","timestamp":"2025-05-12 18:40:51","units":"lin"}
{"calculation":"value","endDate":"2025-05-12","frequency":"m","level":"info","message":"Fetching FRED data for series SP500","service":"economic-data-api","startDate":"2020-05-12","timestamp":"2025-05-12 18:40:52","units":"lin"}
{"calculation":"value","endDate":"2025-05-12","frequency":"m","level":"info","message":"Fetching FRED data for series UNRATE","service":"economic-data-api","startDate":"2020-05-12","timestamp":"2025-05-12 18:40:59","units":"lin"}
{"calculation":"value","endDate":"2025-05-12","frequency":"m","level":"info","message":"Fetching FRED data for series SP500","service":"economic-data-api","startDate":"2020-05-12","timestamp":"2025-05-12 18:43:22","units":"lin"}
{"calculation":"value","endDate":"2025-05-12","frequency":"m","level":"info","message":"Fetching FRED data for series SP500","service":"economic-data-api","startDate":"2020-05-12","timestamp":"2025-05-12 18:43:23","units":"lin"}
{"calculation":"value","endDate":"2025-05-12","frequency":"m","level":"info","message":"Fetching FRED data for series SP500","service":"economic-data-api","startDate":"2020-05-12","timestamp":"2025-05-12 18:46:22","units":"lin"}
{"calculation":"value","endDate":"2025-05-12","frequency":"m","level":"info","message":"Fetching FRED data for series SP500","service":"economic-data-api","startDate":"2020-05-12","timestamp":"2025-05-12 18:46:52","units":"lin"}
{"calculation":"value","endDate":"2025-05-12","frequency":"m","level":"info","message":"Fetching FRED data for series SP500","service":"economic-data-api","startDate":"2020-05-12","timestamp":"2025-05-12 18:47:28","units":"lin"}
{"calculation":"value","endDate":"2025-05-12","frequency":"m","level":"info","message":"Fetching FRED data for series SP500","service":"economic-data-api","startDate":"2020-05-12","timestamp":"2025-05-12 18:47:41","units":"lin"}
{"calculation":"value","endDate":"2025-05-12","frequency":"m","level":"info","message":"Fetching FRED data for series SP500","service":"economic-data-api","startDate":"2020-05-12","timestamp":"2025-05-12 18:47:55","units":"lin"}
{"calculation":"value","endDate":"2025-05-12","frequency":"m","level":"info","message":"Fetching FRED data for series SP500","service":"economic-data-api","startDate":"2020-05-12","timestamp":"2025-05-12 18:47:55","units":"lin"}
{"calculation":"value","endDate":"2025-05-12","frequency":"m","level":"info","message":"Fetching FRED data for series SP500","service":"economic-data-api","startDate":"2020-05-12","timestamp":"2025-05-12 18:49:22","units":"lin"}
{"calculation":"value","endDate":"2025-05-12","frequency":"m","level":"info","message":"Fetching FRED data for series SP500","service":"economic-data-api","startDate":"2020-05-12","timestamp":"2025-05-12 18:49:23","units":"lin"}
{"calculation":"value","endDate":"2025-05-12","frequency":"m","level":"info","message":"Fetching FRED data for series SP500","service":"economic-data-api","startDate":"2020-05-12","timestamp":"2025-05-12 18:55:32","units":"lin"}
{"calculation":"value","endDate":"2025-05-12","frequency":"m","level":"info","message":"Fetching FRED data for series SP500","service":"economic-data-api","startDate":"2020-05-12","timestamp":"2025-05-12 18:55:32","units":"lin"}
{"calculation":"value","endDate":"2025-05-12","frequency":"m","level":"info","message":"Fetching FRED data for series SP500","service":"economic-data-api","startDate":"2020-05-12","timestamp":"2025-05-12 18:57:15","units":"lin"}
{"calculation":"value","endDate":"2025-05-12","frequency":"m","level":"info","message":"Fetching FRED data for series SP500","service":"economic-data-api","startDate":"2020-05-12","timestamp":"2025-05-12 18:57:15","units":"lin"}
{"calculation":"value","endDate":"2025-05-12","frequency":"m","level":"info","message":"Fetching FRED data for series GDP","service":"economic-data-api","startDate":"2020-05-12","timestamp":"2025-05-12 18:57:29","units":"lin"}
{"error":{},"level":"error","message":"Error fetching FRED data: Failed to fetch FRED series GDP: Request failed with status code 400","service":"economic-data-api","timestamp":"2025-05-12 18:57:29"}
{"calculation":"value","endDate":"2025-05-12","frequency":"m","level":"info","message":"Fetching FRED data for series SP500","service":"economic-data-api","startDate":"2020-05-12","timestamp":"2025-05-12 18:58:46","units":"lin"}
{"calculation":"value","endDate":"2025-05-12","frequency":"m","level":"info","message":"Fetching FRED data for series SP500","service":"economic-data-api","startDate":"2020-05-12","timestamp":"2025-05-12 18:58:47","units":"lin"}
{"calculation":"value","endDate":"2025-05-12","frequency":"m","level":"info","message":"Fetching FRED data for series DGS10","service":"economic-data-api","startDate":"2020-05-12","timestamp":"2025-05-12 18:59:13","units":"lin"}
{"calculation":"value","endDate":"2025-05-12","frequency":"m","level":"info","message":"Fetching FRED data for series SP500","service":"economic-data-api","startDate":"2020-05-12","timestamp":"2025-05-12 19:01:21","units":"lin"}
{"calculation":"value","endDate":"2025-05-12","frequency":"m","level":"info","message":"Fetching FRED data for series SP500","service":"economic-data-api","startDate":"2020-05-12","timestamp":"2025-05-12 19:01:21","units":"lin"}
{"endDate":"2025-05-12","level":"info","limit":"1000","message":"Fetching Treasury data for type debt","service":"economic-data-api","startDate":"2020-05-12","timestamp":"2025-05-12 19:01:56"}
{"calculation":"value","endDate":"2025-05-12","frequency":"m","level":"info","message":"Fetching FRED data for series SP500","service":"economic-data-api","startDate":"2020-05-12","timestamp":"2025-05-12 19:03:51","units":"lin"}
{"calculation":"value","endDate":"2025-05-12","frequency":"m","level":"info","message":"Fetching FRED data for series SP500","service":"economic-data-api","startDate":"2020-05-12","timestamp":"2025-05-12 19:03:51","units":"lin"}
{"calculation":"value","endDate":"2025-05-12","frequency":"m","level":"info","message":"Fetching FRED data for series SP500","service":"economic-data-api","startDate":"2020-05-12","timestamp":"2025-05-12 19:04:25","units":"lin"}
{"calculation":"value","endDate":"2025-05-12","frequency":"m","level":"info","message":"Fetching FRED data for series SP500","service":"economic-data-api","startDate":"2020-05-12","timestamp":"2025-05-12 19:04:25","units":"lin"}
{"calculation":"value","endDate":"2025-05-12","frequency":"m","level":"info","message":"Fetching FRED data for series SP500","service":"economic-data-api","startDate":"2020-05-12","timestamp":"2025-05-12 19:05:04","units":"lin"}
{"calculation":"value","endDate":"2025-05-12","frequency":"m","level":"info","message":"Fetching FRED data for series SP500","service":"economic-data-api","startDate":"2020-05-12","timestamp":"2025-05-12 19:05:05","units":"lin"}
{"calculation":"value","endDate":"2025-05-12","frequency":"m","level":"info","message":"Fetching FRED data for series SP500","service":"economic-data-api","startDate":"2020-05-12","timestamp":"2025-05-12 19:06:56","units":"lin"}
{"calculation":"value","endDate":"2025-05-12","frequency":"m","level":"info","message":"Fetching FRED data for series SP500","service":"economic-data-api","startDate":"2020-05-12","timestamp":"2025-05-12 19:06:56","units":"lin"}
{"calculation":"value","endDate":"2025-05-12","frequency":"m","level":"info","message":"Fetching FRED data for series SP500","service":"economic-data-api","startDate":"2020-05-12","timestamp":"2025-05-12 19:07:35","units":"lin"}
{"calculation":"value","endDate":"2025-05-12","frequency":"m","level":"info","message":"Fetching FRED data for series SP500","service":"economic-data-api","startDate":"2020-05-12","timestamp":"2025-05-12 19:07:36","units":"lin"}
{"calculation":"value","endDate":"2025-05-12","frequency":"m","level":"info","message":"Fetching FRED data for series SP500","service":"economic-data-api","startDate":"2020-05-12","timestamp":"2025-05-12 19:08:32","units":"lin"}
{"calculation":"value","endDate":"2025-05-12","frequency":"m","level":"info","message":"Fetching FRED data for series SP500","service":"economic-data-api","startDate":"2020-05-12","timestamp":"2025-05-12 19:08:32","units":"lin"}
{"calculation":"value","endDate":"2025-05-12","frequency":"m","level":"info","message":"Fetching FRED data for series SP500","service":"economic-data-api","startDate":"2020-05-12","timestamp":"2025-05-12 19:09:05","units":"lin"}
{"calculation":"value","endDate":"2025-05-12","frequency":"m","level":"info","message":"Fetching FRED data for series SP500","service":"economic-data-api","startDate":"2020-05-12","timestamp":"2025-05-12 19:09:05","units":"lin"}
{"calculation":"value","endDate":"2025-05-12","frequency":"m","level":"info","message":"Fetching FRED data for series SP500","service":"economic-data-api","startDate":"2020-05-12","timestamp":"2025-05-12 19:18:56","units":"lin"}
{"calculation":"value","endDate":"2025-05-12","frequency":"m","level":"info","message":"Fetching FRED data for series SP500","service":"economic-data-api","startDate":"2020-05-12","timestamp":"2025-05-12 19:18:57","units":"lin"}
{"calculation":"value","endDate":"2025-05-12","frequency":"m","level":"info","message":"Fetching FRED data for series SP500","service":"economic-data-api","startDate":"2020-05-12","timestamp":"2025-05-12 19:25:45","units":"lin"}
{"calculation":"value","endDate":"2025-05-12","frequency":"m","level":"info","message":"Fetching FRED data for series SP500","service":"economic-data-api","startDate":"2020-05-12","timestamp":"2025-05-12 19:25:46","units":"lin"}
{"calculation":"value","endDate":"2025-05-12","frequency":"m","level":"info","message":"Fetching FRED data for series SP500","service":"economic-data-api","startDate":"2020-05-12","timestamp":"2025-05-12 19:35:57","units":"lin"}
{"calculation":"value","endDate":"2025-05-12","frequency":"m","level":"info","message":"Fetching FRED data for series SP500","service":"economic-data-api","startDate":"2020-05-12","timestamp":"2025-05-12 19:35:57","units":"lin"}
{"calculation":"value","endDate":"2025-05-12","frequency":"m","level":"info","message":"Fetching FRED data for series SP500","service":"economic-data-api","startDate":"2020-05-12","timestamp":"2025-05-12 19:36:01","units":"lin"}
{"calculation":"value","endDate":"2025-05-12","frequency":"m","level":"info","message":"Fetching FRED data for series SP500","service":"economic-data-api","startDate":"2020-05-12","timestamp":"2025-05-12 19:36:02","units":"lin"}
{"calculation":"value","endDate":"2025-05-12","frequency":"m","level":"info","message":"Fetching FRED data for series SP500","service":"economic-data-api","startDate":"2020-05-12","timestamp":"2025-05-12 19:51:25","units":"lin"}
{"calculation":"value","endDate":"2025-05-12","frequency":"m","level":"info","message":"Fetching FRED data for series SP500","service":"economic-data-api","startDate":"2020-05-12","timestamp":"2025-05-12 19:51:26","units":"lin"}
{"level":"info","message":"Server running on port 5000","service":"economic-data-api","timestamp":"2025-05-12 20:02:02"}
{"level":"info","message":"ML service initialized successfully","service":"economic-data-api","timestamp":"2025-05-12 20:02:02"}
