{"level":"info","message":"Server running on port 5000","service":"economic-data-api","timestamp":"2025-05-13 00:02:46"}
{"level":"info","message":"ML service initialized successfully","service":"economic-data-api","timestamp":"2025-05-13 00:02:47"}
{"calculation":"value","endDate":"2025-05-13","frequency":"m","level":"info","message":"Fetching FRED data for series SP500","service":"economic-data-api","startDate":"2020-05-13","timestamp":"2025-05-13 00:04:35","units":"lin"}
{"calculation":"value","endDate":"2025-05-13","frequency":"m","level":"info","message":"Fetching FRED data for series SP500","service":"economic-data-api","startDate":"2020-05-13","timestamp":"2025-05-13 00:04:36","units":"lin"}
{"calculation":"value","endDate":"2025-05-13","frequency":"m","level":"info","message":"Fetching FRED data for series SP500","service":"economic-data-api","startDate":"2020-05-13","timestamp":"2025-05-13 00:16:56","units":"lin"}
{"calculation":"value","endDate":"2025-05-13","frequency":"m","level":"info","message":"Fetching FRED data for series SP500","service":"economic-data-api","startDate":"2020-05-13","timestamp":"2025-05-13 00:16:57","units":"lin"}
{"calculation":"value","endDate":"2025-05-13","frequency":"m","level":"info","message":"Fetching FRED data for series SP500","service":"economic-data-api","startDate":"2020-05-13","timestamp":"2025-05-13 00:17:33","units":"lin"}
{"calculation":"value","endDate":"2025-05-13","frequency":"m","level":"info","message":"Fetching FRED data for series SP500","service":"economic-data-api","startDate":"2020-05-13","timestamp":"2025-05-13 00:17:33","units":"lin"}
{"calculation":"value","endDate":"2025-05-13","frequency":"m","level":"info","message":"Fetching FRED data for series UNRATE","service":"economic-data-api","startDate":"2020-05-13","timestamp":"2025-05-13 00:17:46","units":"lin"}
{"calculation":"value","endDate":"2025-05-13","frequency":"m","level":"info","message":"Fetching FRED data for series DGS2","service":"economic-data-api","startDate":"2020-05-13","timestamp":"2025-05-13 00:18:24","units":"lin"}
{"calculation":"value","endDate":"2025-05-13","frequency":"m","level":"info","message":"Fetching FRED data for series SP500","service":"economic-data-api","startDate":"2020-05-13","timestamp":"2025-05-13 00:31:31","units":"lin"}
{"calculation":"value","endDate":"2025-05-13","frequency":"m","level":"info","message":"Fetching FRED data for series SP500","service":"economic-data-api","startDate":"2020-05-13","timestamp":"2025-05-13 00:31:32","units":"lin"}
{"calculation":"value","endDate":"2025-05-13","frequency":"m","level":"info","message":"Fetching FRED data for series SP500","service":"economic-data-api","startDate":"2020-05-13","timestamp":"2025-05-13 00:32:21","units":"lin"}
{"calculation":"value","endDate":"2025-05-13","frequency":"m","level":"info","message":"Fetching FRED data for series SP500","service":"economic-data-api","startDate":"2020-05-13","timestamp":"2025-05-13 00:32:22","units":"lin"}
{"calculation":"value","endDate":"2025-05-13","frequency":"m","level":"info","message":"Fetching FRED data for series GDP","service":"economic-data-api","startDate":"2020-05-13","timestamp":"2025-05-13 00:32:33","units":"lin"}
{"error":{},"level":"error","message":"Error fetching FRED data: Failed to fetch FRED series GDP: Request failed with status code 400","service":"economic-data-api","timestamp":"2025-05-13 00:32:33"}
{"calculation":"value","endDate":"2025-05-13","frequency":"m","level":"info","message":"Fetching FRED data for series UNRATE","service":"economic-data-api","startDate":"2020-05-13","timestamp":"2025-05-13 00:32:39","units":"lin"}
{"calculation":"value","endDate":"2025-05-13","frequency":"m","level":"info","message":"Fetching FRED data for series DGS10","service":"economic-data-api","startDate":"2020-05-13","timestamp":"2025-05-13 00:32:47","units":"lin"}
{"endYear":"2025","level":"info","message":"Fetching BLS data for type cpi","service":"economic-data-api","startYear":"2020","timestamp":"2025-05-13 00:34:06"}
{"error":{},"level":"error","message":"Error fetching BLS data: Failed to fetch BLS data: BLS API error: The key:your_bls_api_key provided by the User is invalid. Please provide a proper key for the operation to be successful","service":"economic-data-api","timestamp":"2025-05-13 00:34:06"}
{"calculation":"value","endDate":"2025-05-13","frequency":"m","level":"info","message":"Fetching FRED data for series FEDFUNDS","service":"economic-data-api","startDate":"2020-05-13","timestamp":"2025-05-13 00:34:37","units":"lin"}
{"calculation":"value","endDate":"2025-05-13","frequency":"m","level":"info","message":"Fetching FRED data for series FEDFUNDS","service":"economic-data-api","startDate":"2020-05-13","timestamp":"2025-05-13 00:34:38","units":"lin"}
{"calculation":"value","endDate":"2025-05-13","frequency":"m","level":"info","message":"Fetching FRED data for series SP500","service":"economic-data-api","startDate":"2020-05-13","timestamp":"2025-05-13 00:35:48","units":"lin"}
{"calculation":"value","endDate":"2025-05-13","frequency":"m","level":"info","message":"Fetching FRED data for series SP500","service":"economic-data-api","startDate":"2020-05-13","timestamp":"2025-05-13 00:35:49","units":"lin"}
{"endDate":"2025-05-13","level":"info","limit":"1000","message":"Fetching Treasury data for type yield_curve","service":"economic-data-api","startDate":"2020-05-13","timestamp":"2025-05-13 00:36:33"}
{"error":{},"level":"error","message":"Error fetching Treasury data: Failed to fetch Treasury yield curve data: Request failed with status code 403","service":"economic-data-api","timestamp":"2025-05-13 00:36:34"}
{"endYear":"2025","level":"info","message":"Fetching BLS data for type unemployment","service":"economic-data-api","startYear":"2020","timestamp":"2025-05-13 00:36:45"}
{"error":{},"level":"error","message":"Error fetching BLS data: Failed to fetch BLS data: BLS API error: The key:your_bls_api_key provided by the User is invalid. Please provide a proper key for the operation to be successful","service":"economic-data-api","timestamp":"2025-05-13 00:36:45"}
{"calculation":"value","endDate":"2025-05-13","frequency":"m","level":"info","message":"Fetching FRED data for series FEDFUNDS","service":"economic-data-api","startDate":"2020-05-13","timestamp":"2025-05-13 00:36:56","units":"lin"}
{"calculation":"value","endDate":"2025-05-13","frequency":"m","level":"info","message":"Fetching FRED data for series SP500","service":"economic-data-api","startDate":"2020-05-13","timestamp":"2025-05-13 00:39:40","units":"lin"}
{"calculation":"value","endDate":"2025-05-13","frequency":"m","level":"info","message":"Fetching FRED data for series SP500","service":"economic-data-api","startDate":"2020-05-13","timestamp":"2025-05-13 00:39:40","units":"lin"}
{"calculation":"value","endDate":"2025-05-13","frequency":"m","level":"info","message":"Fetching FRED data for series SP500","service":"economic-data-api","startDate":"2020-05-13","timestamp":"2025-05-13 02:11:44","units":"lin"}
{"calculation":"value","endDate":"2025-05-13","frequency":"m","level":"info","message":"Fetching FRED data for series SP500","service":"economic-data-api","startDate":"2020-05-13","timestamp":"2025-05-13 02:11:45","units":"lin"}
{"calculation":"value","endDate":"2025-05-13","frequency":"m","level":"info","message":"Fetching FRED data for series SP500","service":"economic-data-api","startDate":"2020-05-13","timestamp":"2025-05-13 02:13:31","units":"lin"}
{"calculation":"value","endDate":"2025-05-13","frequency":"m","level":"info","message":"Fetching FRED data for series SP500","service":"economic-data-api","startDate":"2020-05-13","timestamp":"2025-05-13 02:13:31","units":"lin"}
{"calculation":"value","endDate":"2025-05-13","frequency":"m","level":"info","message":"Fetching FRED data for series UNRATE","service":"economic-data-api","startDate":"2020-05-13","timestamp":"2025-05-13 02:13:41","units":"lin"}
{"calculation":"value","endDate":"2025-05-13","frequency":"m","level":"info","message":"Fetching FRED data for series GDP","service":"economic-data-api","startDate":"2020-05-13","timestamp":"2025-05-13 02:14:13","units":"lin"}
{"error":{},"level":"error","message":"Error fetching FRED data: Failed to fetch FRED series GDP: Request failed with status code 400","service":"economic-data-api","timestamp":"2025-05-13 02:14:13"}
{"calculation":"value","endDate":"2025-05-13","frequency":"m","level":"info","message":"Fetching FRED data for series DGS10","service":"economic-data-api","startDate":"2020-05-13","timestamp":"2025-05-13 02:14:47","units":"lin"}
{"calculation":"value","endDate":"2025-05-13","frequency":"m","level":"info","message":"Fetching FRED data for series SP500","service":"economic-data-api","startDate":"2020-05-13","timestamp":"2025-05-13 02:21:27","units":"lin"}
{"calculation":"value","endDate":"2025-05-13","frequency":"m","level":"info","message":"Fetching FRED data for series SP500","service":"economic-data-api","startDate":"2020-05-13","timestamp":"2025-05-13 02:21:28","units":"lin"}
{"endDate":"2025-05-13","level":"info","limit":"1000","message":"Fetching Treasury data for type yield_curve","service":"economic-data-api","startDate":"2020-05-13","timestamp":"2025-05-13 02:21:42"}
{"error":{},"level":"error","message":"Error fetching Treasury data: Failed to fetch Treasury yield curve data: Request failed with status code 403","service":"economic-data-api","timestamp":"2025-05-13 02:21:42"}
{"calculation":"value","endDate":"2025-05-13","frequency":"m","level":"info","message":"Fetching FRED data for series SP500","service":"economic-data-api","startDate":"2020-05-13","timestamp":"2025-05-13 02:27:32","units":"lin"}
{"calculation":"value","endDate":"2025-05-13","frequency":"m","level":"info","message":"Fetching FRED data for series SP500","service":"economic-data-api","startDate":"2020-05-13","timestamp":"2025-05-13 02:27:33","units":"lin"}
{"endDate":"2025-05-13","level":"info","limit":"1000","message":"Fetching Treasury data for type debt","service":"economic-data-api","startDate":"2020-05-13","timestamp":"2025-05-13 02:29:04"}
{"calculation":"value","endDate":"2025-05-13","frequency":"m","level":"info","message":"Fetching FRED data for series MORTGAGE30US","service":"economic-data-api","startDate":"2020-05-13","timestamp":"2025-05-13 02:32:42","units":"lin"}
{"calculation":"value","endDate":"2025-05-13","frequency":"m","level":"info","message":"Fetching FRED data for series SP500","service":"economic-data-api","startDate":"2020-05-13","timestamp":"2025-05-13 02:35:00","units":"lin"}
{"calculation":"value","endDate":"2025-05-13","frequency":"m","level":"info","message":"Fetching FRED data for series SP500","service":"economic-data-api","startDate":"2020-05-13","timestamp":"2025-05-13 02:35:01","units":"lin"}
{"calculation":"value","endDate":"2025-05-13","frequency":"m","level":"info","message":"Fetching FRED data for series SP500","service":"economic-data-api","startDate":"2020-05-13","timestamp":"2025-05-13 02:54:11","units":"lin"}
{"calculation":"value","endDate":"2025-05-13","frequency":"m","level":"info","message":"Fetching FRED data for series SP500","service":"economic-data-api","startDate":"2020-05-13","timestamp":"2025-05-13 02:54:12","units":"lin"}
{"calculation":"value","endDate":"2025-05-13","frequency":"m","level":"info","message":"Fetching FRED data for series SP500","service":"economic-data-api","startDate":"2020-05-13","timestamp":"2025-05-13 03:05:18","units":"lin"}
{"calculation":"value","endDate":"2025-05-13","frequency":"m","level":"info","message":"Fetching FRED data for series SP500","service":"economic-data-api","startDate":"2020-05-13","timestamp":"2025-05-13 03:05:18","units":"lin"}
{"calculation":"value","endDate":"2025-05-13","frequency":"m","level":"info","message":"Fetching FRED data for series UNRATE","service":"economic-data-api","startDate":"2020-05-13","timestamp":"2025-05-13 03:05:34","units":"lin"}
{"calculation":"value","endDate":"2025-05-13","frequency":"m","level":"info","message":"Fetching FRED data for series SP500","service":"economic-data-api","startDate":"2020-05-13","timestamp":"2025-05-13 03:09:32","units":"lin"}
{"calculation":"value","endDate":"2025-05-13","frequency":"m","level":"info","message":"Fetching FRED data for series SP500","service":"economic-data-api","startDate":"2020-05-13","timestamp":"2025-05-13 03:09:32","units":"lin"}
{"endDate":"2025-05-13","level":"info","limit":"1000","message":"Fetching Treasury data for type yield_curve","service":"economic-data-api","startDate":"2020-05-13","timestamp":"2025-05-13 03:09:51"}
{"error":{},"level":"error","message":"Error fetching Treasury data: Failed to fetch Treasury yield curve data: Request failed with status code 403","service":"economic-data-api","timestamp":"2025-05-13 03:09:51"}
{"level":"info","message":"Server running on port 5000","service":"economic-data-api","timestamp":"2025-05-13 03:19:58"}
{"level":"info","message":"ML service initialized successfully","service":"economic-data-api","timestamp":"2025-05-13 03:19:58"}
{"level":"info","message":"Attempting to initialize ML service (attempt 1/3)","service":"economic-data-api","timestamp":"2025-05-13 03:26:29"}
{"level":"info","message":"TensorFlow.js version: 4.22.0, Backend: not set","service":"economic-data-api","timestamp":"2025-05-13 03:26:29"}
{"level":"info","message":"Server running on port 5000","service":"economic-data-api","timestamp":"2025-05-13 03:26:29"}
{"level":"info","message":"ML service initialized successfully","service":"economic-data-api","timestamp":"2025-05-13 03:26:29"}
{"level":"info","message":"ML service is ready","service":"economic-data-api","timestamp":"2025-05-13 03:26:29"}
{"level":"info","message":"Attempting to initialize ML service (attempt 1/3)","service":"economic-data-api","timestamp":"2025-05-13 10:51:51"}
{"level":"info","message":"TensorFlow.js version: 4.22.0, Backend: not set","service":"economic-data-api","timestamp":"2025-05-13 10:51:51"}
{"level":"info","message":"Server running on port 5000","service":"economic-data-api","timestamp":"2025-05-13 10:51:51"}
{"level":"info","message":"ML service initialized successfully","service":"economic-data-api","timestamp":"2025-05-13 10:51:52"}
{"level":"info","message":"ML service is ready","service":"economic-data-api","timestamp":"2025-05-13 10:51:52"}
{"level":"info","message":"Attempting to initialize ML service (attempt 1/3)","service":"economic-data-api","timestamp":"2025-05-13 10:52:07"}
{"level":"info","message":"TensorFlow.js version: 4.22.0, Backend: not set","service":"economic-data-api","timestamp":"2025-05-13 10:52:07"}
{"level":"info","message":"Server running on port 5000","service":"economic-data-api","timestamp":"2025-05-13 10:52:07"}
{"level":"info","message":"ML service initialized successfully","service":"economic-data-api","timestamp":"2025-05-13 10:52:08"}
{"level":"info","message":"ML service is ready","service":"economic-data-api","timestamp":"2025-05-13 10:52:08"}
{"calculation":"value","endDate":"2025-05-13","frequency":"m","level":"info","message":"Fetching FRED data for series SP500","service":"economic-data-api","startDate":"2020-05-13","timestamp":"2025-05-13 10:55:20","units":"lin"}
{"calculation":"value","endDate":"2025-05-13","frequency":"m","level":"info","message":"Fetching FRED data for series SP500","service":"economic-data-api","startDate":"2020-05-13","timestamp":"2025-05-13 10:55:20","units":"lin"}
{"calculation":"value","endDate":"2025-05-13","frequency":"m","level":"info","message":"Fetching FRED data for series SP500","service":"economic-data-api","startDate":"2020-05-13","timestamp":"2025-05-13 10:56:51","units":"lin"}
{"calculation":"value","endDate":"2025-05-13","frequency":"m","level":"info","message":"Fetching FRED data for series SP500","service":"economic-data-api","startDate":"2020-05-13","timestamp":"2025-05-13 10:57:24","units":"lin"}
{"calculation":"value","endDate":"2025-05-13","frequency":"m","level":"info","message":"Fetching FRED data for series SP500","service":"economic-data-api","startDate":"2020-05-13","timestamp":"2025-05-13 10:57:24","units":"lin"}
{"level":"info","message":"Attempting to initialize ML service (attempt 1/3)","service":"economic-data-api","timestamp":"2025-05-13 10:59:42"}
{"level":"info","message":"TensorFlow.js version: 4.22.0, Backend: not set","service":"economic-data-api","timestamp":"2025-05-13 10:59:42"}
{"level":"info","message":"Server running on port 5000","service":"economic-data-api","timestamp":"2025-05-13 10:59:42"}
{"level":"info","message":"ML service initialized successfully","service":"economic-data-api","timestamp":"2025-05-13 10:59:44"}
{"level":"info","message":"ML service is ready","service":"economic-data-api","timestamp":"2025-05-13 10:59:44"}
{"level":"info","message":"Attempting to initialize ML service (attempt 1/3)","service":"economic-data-api","timestamp":"2025-05-13 14:00:25"}
{"level":"info","message":"TensorFlow.js version: 4.22.0, Backend: not set","service":"economic-data-api","timestamp":"2025-05-13 14:00:25"}
{"level":"info","message":"Server running on port 5000","service":"economic-data-api","timestamp":"2025-05-13 14:00:25"}
{"level":"info","message":"ML service initialized successfully","service":"economic-data-api","timestamp":"2025-05-13 14:00:26"}
{"level":"info","message":"ML service is ready","service":"economic-data-api","timestamp":"2025-05-13 14:00:26"}
{"calculation":"value","endDate":"2025-05-13","frequency":"m","level":"info","message":"Fetching FRED data for series SP500","service":"economic-data-api","startDate":"2020-05-13","timestamp":"2025-05-13 14:01:17","units":"lin"}
{"calculation":"value","endDate":"2025-05-13","frequency":"m","level":"info","message":"Fetching FRED data for series SP500","service":"economic-data-api","startDate":"2020-05-13","timestamp":"2025-05-13 14:01:18","units":"lin"}
{"calculation":"value","endDate":"2025-05-13","frequency":"m","level":"info","message":"Fetching FRED data for series GDP","service":"economic-data-api","startDate":"2020-05-13","timestamp":"2025-05-13 14:02:24","units":"lin"}
{"error":{},"level":"error","message":"Error fetching FRED data: Failed to fetch FRED series GDP: Request failed with status code 400","service":"economic-data-api","timestamp":"2025-05-13 14:02:25"}
{"calculation":"value","endDate":"2025-05-13","frequency":"m","level":"info","message":"Fetching FRED data for series UNRATE","service":"economic-data-api","startDate":"2020-05-13","timestamp":"2025-05-13 14:02:30","units":"lin"}
{"calculation":"value","endDate":"2025-05-13","frequency":"m","level":"info","message":"Fetching FRED data for series SP500","service":"economic-data-api","startDate":"2020-05-13","timestamp":"2025-05-13 14:15:44","units":"lin"}
{"calculation":"value","endDate":"2025-05-13","frequency":"m","level":"info","message":"Fetching FRED data for series SP500","service":"economic-data-api","startDate":"2020-05-13","timestamp":"2025-05-13 14:16:17","units":"lin"}
{"calculation":"value","endDate":"2025-05-13","frequency":"m","level":"info","message":"Fetching FRED data for series SP500","service":"economic-data-api","startDate":"2020-05-13","timestamp":"2025-05-13 14:16:18","units":"lin"}
{"calculation":"value","endDate":"2025-05-13","frequency":"m","level":"info","message":"Fetching FRED data for series GDP","service":"economic-data-api","startDate":"2020-05-13","timestamp":"2025-05-13 14:17:04","units":"lin"}
{"error":{},"level":"error","message":"Error fetching FRED data: Failed to fetch FRED series GDP: Request failed with status code 400","service":"economic-data-api","timestamp":"2025-05-13 14:17:04"}
{"calculation":"value","endDate":"2025-05-13","frequency":"m","level":"info","message":"Fetching FRED data for series DGS10","service":"economic-data-api","startDate":"2020-05-13","timestamp":"2025-05-13 14:17:20","units":"lin"}
{"level":"info","message":"Attempting to initialize ML service (attempt 1/3)","service":"economic-data-api","timestamp":"2025-05-13 14:18:32"}
{"level":"info","message":"TensorFlow.js version: 4.22.0, Backend: not set","service":"economic-data-api","timestamp":"2025-05-13 14:18:32"}
{"level":"info","message":"Server running on port 5000","service":"economic-data-api","timestamp":"2025-05-13 14:18:32"}
{"level":"info","message":"ML service initialized successfully","service":"economic-data-api","timestamp":"2025-05-13 14:18:33"}
{"level":"info","message":"ML service is ready","service":"economic-data-api","timestamp":"2025-05-13 14:18:33"}
{"level":"info","message":"Attempting to initialize ML service (attempt 1/3)","service":"economic-data-api","timestamp":"2025-05-13 14:21:17"}
{"level":"info","message":"TensorFlow.js version: 4.22.0, Backend: not set","service":"economic-data-api","timestamp":"2025-05-13 14:21:17"}
{"level":"info","message":"Server running on port 5000","service":"economic-data-api","timestamp":"2025-05-13 14:21:17"}
{"level":"info","message":"ML service initialized successfully","service":"economic-data-api","timestamp":"2025-05-13 14:21:18"}
{"level":"info","message":"ML service is ready","service":"economic-data-api","timestamp":"2025-05-13 14:21:18"}
{"level":"info","message":"Attempting to initialize ML service (attempt 1/3)","service":"economic-data-api","timestamp":"2025-05-13 14:34:06"}
{"level":"info","message":"TensorFlow.js version: 4.22.0, Backend: not set","service":"economic-data-api","timestamp":"2025-05-13 14:34:06"}
{"level":"info","message":"Server running on port 5000","service":"economic-data-api","timestamp":"2025-05-13 14:34:06"}
{"level":"info","message":"ML service initialized successfully","service":"economic-data-api","timestamp":"2025-05-13 14:34:07"}
{"level":"info","message":"ML service is ready","service":"economic-data-api","timestamp":"2025-05-13 14:34:07"}
{"level":"info","message":"Attempting to initialize ML service (attempt 1/3)","service":"economic-data-api","timestamp":"2025-05-13 14:35:34"}
{"level":"info","message":"TensorFlow.js version: 4.22.0, Backend: not set","service":"economic-data-api","timestamp":"2025-05-13 14:35:34"}
{"level":"info","message":"Server running on port 5000","service":"economic-data-api","timestamp":"2025-05-13 14:35:34"}
{"level":"info","message":"ML service initialized successfully","service":"economic-data-api","timestamp":"2025-05-13 14:35:35"}
{"level":"info","message":"ML service is ready","service":"economic-data-api","timestamp":"2025-05-13 14:35:35"}
{"level":"info","message":"Attempting to initialize ML service (attempt 1/3)","service":"economic-data-api","timestamp":"2025-05-13 14:36:00"}
{"level":"info","message":"TensorFlow.js version: 4.22.0, Backend: not set","service":"economic-data-api","timestamp":"2025-05-13 14:36:00"}
{"level":"info","message":"Server running on port 5000","service":"economic-data-api","timestamp":"2025-05-13 14:36:00"}
{"level":"info","message":"ML service initialized successfully","service":"economic-data-api","timestamp":"2025-05-13 14:36:01"}
{"level":"info","message":"ML service is ready","service":"economic-data-api","timestamp":"2025-05-13 14:36:01"}
{"calculation":"value","endDate":"2025-05-13","frequency":"m","level":"info","message":"Fetching FRED data for series FEDFUNDS","service":"economic-data-api","startDate":"2020-05-13","timestamp":"2025-05-13 14:50:38","units":"lin"}
{"calculation":"value","endDate":"2025-05-13","frequency":"m","level":"info","message":"Fetching FRED data for series UNRATE","service":"economic-data-api","startDate":"2020-05-13","timestamp":"2025-05-13 14:50:45","units":"lin"}
{"calculation":"value","endDate":"2025-05-13","frequency":"m","level":"info","message":"Fetching FRED data for series DGS2","service":"economic-data-api","startDate":"2020-05-13","timestamp":"2025-05-13 14:50:52","units":"lin"}
{"endYear":"2025","level":"info","message":"Fetching BLS data for type unemployment","service":"economic-data-api","startYear":"2023","timestamp":"2025-05-13 14:51:00"}
{"error":{},"level":"error","message":"Error fetching BLS data: Failed to fetch BLS data: BLS API error: The key:your_bls_api_key provided by the User is invalid. Please provide a proper key for the operation to be successful","service":"economic-data-api","timestamp":"2025-05-13 14:51:00"}
{"calculation":"value","endDate":"2025-05-13","frequency":"m","level":"info","message":"Fetching FRED data for series GDP","service":"economic-data-api","startDate":"2020-05-13","timestamp":"2025-05-13 14:54:06","units":"lin"}
{"error":{},"level":"error","message":"Error fetching FRED data: Failed to fetch FRED series GDP: Request failed with status code 400","service":"economic-data-api","timestamp":"2025-05-13 14:54:06"}
{"calculation":"value","endDate":"2025-05-13","frequency":"m","level":"info","message":"Fetching FRED data for series CPIAUCSL","service":"economic-data-api","startDate":"2020-05-13","timestamp":"2025-05-13 14:54:17","units":"lin"}
{"calculation":"value","endDate":"2025-05-13","frequency":"m","level":"info","message":"Fetching FRED data for series DGS2","service":"economic-data-api","startDate":"2020-05-13","timestamp":"2025-05-13 14:54:24","units":"lin"}
{"endYear":"2025","level":"info","message":"Fetching BLS data for type cpi","service":"economic-data-api","startYear":"2024","timestamp":"2025-05-13 14:54:37"}
{"error":{},"level":"error","message":"Error fetching BLS data: Failed to fetch BLS data: BLS API error: The key:your_bls_api_key provided by the User is invalid. Please provide a proper key for the operation to be successful","service":"economic-data-api","timestamp":"2025-05-13 14:54:37"}
{"calculation":"value","endDate":"2025-05-13","frequency":"m","level":"info","message":"Fetching FRED data for series DGS10","service":"economic-data-api","startDate":"2020-05-13","timestamp":"2025-05-13 14:54:42","units":"lin"}
{"level":"info","message":"Attempting to initialize ML service (attempt 1/3)","service":"economic-data-api","timestamp":"2025-05-13 15:20:15"}
{"level":"info","message":"TensorFlow.js version: 4.22.0, Backend: not set","service":"economic-data-api","timestamp":"2025-05-13 15:20:15"}
{"level":"info","message":"Attempting to initialize AI Analysis service (attempt 1/3)","service":"economic-data-api","timestamp":"2025-05-13 15:20:15"}
{"level":"info","message":"Using TensorFlow.js version 4.22.0 with cpu backend for AI Analysis","service":"economic-data-api","timestamp":"2025-05-13 15:20:15"}
{"level":"info","message":"Server running on port 5000","service":"economic-data-api","timestamp":"2025-05-13 15:20:15"}
{"level":"info","message":"ML service initialized successfully","service":"economic-data-api","timestamp":"2025-05-13 15:20:16"}
{"level":"info","message":"ML service is ready","service":"economic-data-api","timestamp":"2025-05-13 15:20:16"}
{"level":"info","message":"Created new LSTM model for trend prediction","service":"economic-data-api","timestamp":"2025-05-13 15:20:22"}
{"level":"info","message":"Created new Autoencoder model for tops/bottoms detection","service":"economic-data-api","timestamp":"2025-05-13 15:20:22"}
{"level":"error","message":"Error initializing Transformer model: tf.layers.attention is not a function","service":"economic-data-api","stack":"TypeError: tf.layers.attention is not a function\n    at Object._initializeTransformer (C:\\Users\\simba\\Desktop\\Copy\\web\\backend\\src\\services\\aiAnalysisService.js:238:35)\n    at process.processTicksAndRejections (node:internal/process/task_queues:95:5)\n    at async Object.initialize (C:\\Users\\simba\\Desktop\\Copy\\web\\backend\\src\\services\\aiAnalysisService.js:74:7)\n    at async tryInitialize (C:\\Users\\simba\\Desktop\\Copy\\web\\backend\\src\\server.js:76:7)","timestamp":"2025-05-13 15:20:23"}
{"level":"info","message":"AI Analysis service initialized successfully","service":"economic-data-api","timestamp":"2025-05-13 15:20:23"}
{"level":"info","message":"AI Analysis service initialized successfully","service":"economic-data-api","timestamp":"2025-05-13 15:20:23"}
{"level":"info","message":"AI Analysis service is ready","service":"economic-data-api","timestamp":"2025-05-13 15:20:23"}
{"level":"info","message":"Attempting to initialize ML service (attempt 1/3)","service":"economic-data-api","timestamp":"2025-05-13 15:29:45"}
{"level":"info","message":"TensorFlow.js version: 4.22.0, Backend: not set","service":"economic-data-api","timestamp":"2025-05-13 15:29:45"}
{"level":"info","message":"Attempting to initialize AI Analysis service (attempt 1/3)","service":"economic-data-api","timestamp":"2025-05-13 15:29:45"}
{"level":"info","message":"Using TensorFlow.js version 4.22.0 with cpu backend for AI Analysis","service":"economic-data-api","timestamp":"2025-05-13 15:29:45"}
{"level":"info","message":"Server running on port 5000","service":"economic-data-api","timestamp":"2025-05-13 15:29:45"}
{"level":"info","message":"Created new LSTM model for trend prediction","service":"economic-data-api","timestamp":"2025-05-13 15:29:52"}
{"level":"info","message":"ML service initialized successfully","service":"economic-data-api","timestamp":"2025-05-13 15:29:52"}
{"level":"info","message":"ML service is ready","service":"economic-data-api","timestamp":"2025-05-13 15:29:52"}
{"level":"info","message":"Created new Autoencoder model for tops/bottoms detection","service":"economic-data-api","timestamp":"2025-05-13 15:29:53"}
{"level":"error","message":"Error initializing Transformer model: tf.layers.attention is not a function","service":"economic-data-api","stack":"TypeError: tf.layers.attention is not a function\n    at Object._initializeTransformer (C:\\Users\\simba\\Desktop\\Copy\\web\\backend\\src\\services\\aiAnalysisService.js:238:35)\n    at process.processTicksAndRejections (node:internal/process/task_queues:95:5)\n    at async Object.initialize (C:\\Users\\simba\\Desktop\\Copy\\web\\backend\\src\\services\\aiAnalysisService.js:74:7)\n    at async tryInitialize (C:\\Users\\simba\\Desktop\\Copy\\web\\backend\\src\\server.js:76:7)","timestamp":"2025-05-13 15:29:53"}
{"level":"info","message":"AI Analysis service initialized successfully","service":"economic-data-api","timestamp":"2025-05-13 15:29:53"}
{"level":"info","message":"AI Analysis service initialized successfully","service":"economic-data-api","timestamp":"2025-05-13 15:29:53"}
{"level":"info","message":"AI Analysis service is ready","service":"economic-data-api","timestamp":"2025-05-13 15:29:53"}
{"calculation":"value","endDate":"2025-05-13","frequency":"m","level":"info","message":"Fetching FRED data for series SP500","service":"economic-data-api","startDate":"2020-05-13","timestamp":"2025-05-13 15:33:07","units":"lin"}
{"calculation":"value","endDate":"2025-05-13","frequency":"m","level":"info","message":"Fetching FRED data for series SP500","service":"economic-data-api","startDate":"2020-05-13","timestamp":"2025-05-13 15:33:07","units":"lin"}
{"calculation":"value","endDate":"2025-05-13","frequency":"m","level":"info","message":"Fetching FRED data for series UNRATE","service":"economic-data-api","startDate":"2020-05-13","timestamp":"2025-05-13 15:36:26","units":"lin"}
{"calculation":"value","endDate":"2025-05-13","frequency":"m","level":"info","message":"Fetching FRED data for series SP500","service":"economic-data-api","startDate":"2020-05-13","timestamp":"2025-05-13 15:38:53","units":"lin"}
{"calculation":"value","endDate":"2025-05-13","frequency":"m","level":"info","message":"Fetching FRED data for series SP500","service":"economic-data-api","startDate":"2020-05-13","timestamp":"2025-05-13 15:38:53","units":"lin"}
{"calculation":"value","endDate":"2025-05-13","frequency":"m","level":"info","message":"Fetching FRED data for series SP500","service":"economic-data-api","startDate":"2020-05-13","timestamp":"2025-05-13 15:39:36","units":"lin"}
{"calculation":"value","endDate":"2025-05-13","frequency":"m","level":"info","message":"Fetching FRED data for series SP500","service":"economic-data-api","startDate":"2020-05-13","timestamp":"2025-05-13 15:39:37","units":"lin"}
{"calculation":"value","endDate":"2025-05-13","frequency":"m","level":"info","message":"Fetching FRED data for series SP500","service":"economic-data-api","startDate":"2020-05-13","timestamp":"2025-05-13 15:40:14","units":"lin"}
{"calculation":"value","endDate":"2025-05-13","frequency":"m","level":"info","message":"Fetching FRED data for series SP500","service":"economic-data-api","startDate":"2020-05-13","timestamp":"2025-05-13 15:40:15","units":"lin"}
{"calculation":"value","endDate":"2025-05-13","frequency":"m","level":"info","message":"Fetching FRED data for series SP500","service":"economic-data-api","startDate":"2020-05-13","timestamp":"2025-05-13 15:41:18","units":"lin"}
{"calculation":"value","endDate":"2025-05-13","frequency":"m","level":"info","message":"Fetching FRED data for series SP500","service":"economic-data-api","startDate":"2020-05-13","timestamp":"2025-05-13 15:41:18","units":"lin"}
{"calculation":"value","endDate":"2025-05-13","frequency":"m","level":"info","message":"Fetching FRED data for series SP500","service":"economic-data-api","startDate":"2020-05-13","timestamp":"2025-05-13 15:41:57","units":"lin"}
{"calculation":"value","endDate":"2025-05-13","frequency":"m","level":"info","message":"Fetching FRED data for series SP500","service":"economic-data-api","startDate":"2020-05-13","timestamp":"2025-05-13 15:41:58","units":"lin"}
{"calculation":"value","endDate":"2025-05-13","frequency":"m","level":"info","message":"Fetching FRED data for series SP500","service":"economic-data-api","startDate":"2020-05-13","timestamp":"2025-05-13 15:43:02","units":"lin"}
{"calculation":"value","endDate":"2025-05-13","frequency":"m","level":"info","message":"Fetching FRED data for series SP500","service":"economic-data-api","startDate":"2020-05-13","timestamp":"2025-05-13 15:43:02","units":"lin"}
{"calculation":"value","endDate":"2025-05-13","frequency":"m","level":"info","message":"Fetching FRED data for series SP500","service":"economic-data-api","startDate":"2020-05-13","timestamp":"2025-05-13 15:45:33","units":"lin"}
{"calculation":"value","endDate":"2025-05-13","frequency":"m","level":"info","message":"Fetching FRED data for series SP500","service":"economic-data-api","startDate":"2020-05-13","timestamp":"2025-05-13 15:45:34","units":"lin"}
{"level":"info","message":"Analyzing market data for SPY (daily) for user anonymous","service":"economic-data-api","timestamp":"2025-05-13 15:45:37"}
{"level":"error","message":"Error predicting liquidity regime: Transformer model not initialized","service":"economic-data-api","stack":"Error: Transformer model not initialized\n    at Object.predictLiquidityRegime (C:\\Users\\simba\\Desktop\\Copy\\web\\backend\\src\\services\\aiAnalysisService.js:570:15)\n    at Object.analyzeMarket (C:\\Users\\simba\\Desktop\\Copy\\web\\backend\\src\\services\\aiAnalysisService.js:768:14)\n    at Object.analyzeMarket (C:\\Users\\simba\\Desktop\\Copy\\web\\backend\\src\\controllers\\aiAnalysisController.js:53:48)\n    at process.processTicksAndRejections (node:internal/process/task_queues:95:5)","timestamp":"2025-05-13 15:45:38"}
{"level":"info","message":"Analyzing market data for SPY (daily) for user anonymous","service":"economic-data-api","timestamp":"2025-05-13 15:45:38"}
{"level":"error","message":"Error predicting liquidity regime: Transformer model not initialized","service":"economic-data-api","stack":"Error: Transformer model not initialized\n    at Object.predictLiquidityRegime (C:\\Users\\simba\\Desktop\\Copy\\web\\backend\\src\\services\\aiAnalysisService.js:570:15)\n    at Object.analyzeMarket (C:\\Users\\simba\\Desktop\\Copy\\web\\backend\\src\\services\\aiAnalysisService.js:768:14)\n    at Object.analyzeMarket (C:\\Users\\simba\\Desktop\\Copy\\web\\backend\\src\\controllers\\aiAnalysisController.js:53:48)\n    at process.processTicksAndRejections (node:internal/process/task_queues:95:5)","timestamp":"2025-05-13 15:45:38"}
{"level":"info","message":"Analyzing market data for QQQ (daily) for user anonymous","service":"economic-data-api","timestamp":"2025-05-13 15:45:50"}
{"level":"error","message":"Error predicting liquidity regime: Transformer model not initialized","service":"economic-data-api","stack":"Error: Transformer model not initialized\n    at Object.predictLiquidityRegime (C:\\Users\\simba\\Desktop\\Copy\\web\\backend\\src\\services\\aiAnalysisService.js:570:15)\n    at Object.analyzeMarket (C:\\Users\\simba\\Desktop\\Copy\\web\\backend\\src\\services\\aiAnalysisService.js:768:14)\n    at Object.analyzeMarket (C:\\Users\\simba\\Desktop\\Copy\\web\\backend\\src\\controllers\\aiAnalysisController.js:53:48)\n    at process.processTicksAndRejections (node:internal/process/task_queues:95:5)","timestamp":"2025-05-13 15:45:50"}
{"level":"info","message":"Analyzing market data for QQQ (weekly) for user anonymous","service":"economic-data-api","timestamp":"2025-05-13 15:45:53"}
{"level":"error","message":"Error predicting liquidity regime: Transformer model not initialized","service":"economic-data-api","stack":"Error: Transformer model not initialized\n    at Object.predictLiquidityRegime (C:\\Users\\simba\\Desktop\\Copy\\web\\backend\\src\\services\\aiAnalysisService.js:570:15)\n    at Object.analyzeMarket (C:\\Users\\simba\\Desktop\\Copy\\web\\backend\\src\\services\\aiAnalysisService.js:768:14)\n    at Object.analyzeMarket (C:\\Users\\simba\\Desktop\\Copy\\web\\backend\\src\\controllers\\aiAnalysisController.js:53:48)\n    at process.processTicksAndRejections (node:internal/process/task_queues:95:5)","timestamp":"2025-05-13 15:45:54"}
{"level":"info","message":"Analyzing market data for QQQ (weekly) for user anonymous","service":"economic-data-api","timestamp":"2025-05-13 15:45:56"}
{"level":"error","message":"Error predicting liquidity regime: Transformer model not initialized","service":"economic-data-api","stack":"Error: Transformer model not initialized\n    at Object.predictLiquidityRegime (C:\\Users\\simba\\Desktop\\Copy\\web\\backend\\src\\services\\aiAnalysisService.js:570:15)\n    at Object.analyzeMarket (C:\\Users\\simba\\Desktop\\Copy\\web\\backend\\src\\services\\aiAnalysisService.js:768:14)\n    at Object.analyzeMarket (C:\\Users\\simba\\Desktop\\Copy\\web\\backend\\src\\controllers\\aiAnalysisController.js:53:48)\n    at process.processTicksAndRejections (node:internal/process/task_queues:95:5)","timestamp":"2025-05-13 15:45:56"}
{"level":"info","message":"Analyzing market data for QQQ (weekly) for user anonymous","service":"economic-data-api","timestamp":"2025-05-13 15:46:25"}
{"level":"error","message":"Error predicting liquidity regime: Transformer model not initialized","service":"economic-data-api","stack":"Error: Transformer model not initialized\n    at Object.predictLiquidityRegime (C:\\Users\\simba\\Desktop\\Copy\\web\\backend\\src\\services\\aiAnalysisService.js:570:15)\n    at Object.analyzeMarket (C:\\Users\\simba\\Desktop\\Copy\\web\\backend\\src\\services\\aiAnalysisService.js:768:14)\n    at Object.analyzeMarket (C:\\Users\\simba\\Desktop\\Copy\\web\\backend\\src\\controllers\\aiAnalysisController.js:53:48)\n    at process.processTicksAndRejections (node:internal/process/task_queues:95:5)","timestamp":"2025-05-13 15:46:26"}
{"level":"info","message":"Analyzing market data for QQQ (daily) for user anonymous","service":"economic-data-api","timestamp":"2025-05-13 15:47:02"}
{"level":"error","message":"Error predicting liquidity regime: Transformer model not initialized","service":"economic-data-api","stack":"Error: Transformer model not initialized\n    at Object.predictLiquidityRegime (C:\\Users\\simba\\Desktop\\Copy\\web\\backend\\src\\services\\aiAnalysisService.js:570:15)\n    at Object.analyzeMarket (C:\\Users\\simba\\Desktop\\Copy\\web\\backend\\src\\services\\aiAnalysisService.js:768:14)\n    at Object.analyzeMarket (C:\\Users\\simba\\Desktop\\Copy\\web\\backend\\src\\controllers\\aiAnalysisController.js:53:48)\n    at process.processTicksAndRejections (node:internal/process/task_queues:95:5)","timestamp":"2025-05-13 15:47:03"}
{"level":"info","message":"Analyzing market data for QQQ (daily) for user anonymous","service":"economic-data-api","timestamp":"2025-05-13 15:47:04"}
{"level":"error","message":"Error predicting liquidity regime: Transformer model not initialized","service":"economic-data-api","stack":"Error: Transformer model not initialized\n    at Object.predictLiquidityRegime (C:\\Users\\simba\\Desktop\\Copy\\web\\backend\\src\\services\\aiAnalysisService.js:570:15)\n    at Object.analyzeMarket (C:\\Users\\simba\\Desktop\\Copy\\web\\backend\\src\\services\\aiAnalysisService.js:768:14)\n    at Object.analyzeMarket (C:\\Users\\simba\\Desktop\\Copy\\web\\backend\\src\\controllers\\aiAnalysisController.js:53:48)\n    at process.processTicksAndRejections (node:internal/process/task_queues:95:5)","timestamp":"2025-05-13 15:47:05"}
{"level":"info","message":"Analyzing market data for VIX (daily) for user anonymous","service":"economic-data-api","timestamp":"2025-05-13 15:47:25"}
{"level":"error","message":"Error predicting liquidity regime: Transformer model not initialized","service":"economic-data-api","stack":"Error: Transformer model not initialized\n    at Object.predictLiquidityRegime (C:\\Users\\simba\\Desktop\\Copy\\web\\backend\\src\\services\\aiAnalysisService.js:570:15)\n    at Object.analyzeMarket (C:\\Users\\simba\\Desktop\\Copy\\web\\backend\\src\\services\\aiAnalysisService.js:768:14)\n    at Object.analyzeMarket (C:\\Users\\simba\\Desktop\\Copy\\web\\backend\\src\\controllers\\aiAnalysisController.js:53:48)\n    at process.processTicksAndRejections (node:internal/process/task_queues:95:5)","timestamp":"2025-05-13 15:47:26"}
{"level":"info","message":"Analyzing market data for GLD (daily) for user anonymous","service":"economic-data-api","timestamp":"2025-05-13 15:47:34"}
{"level":"error","message":"Error predicting liquidity regime: Transformer model not initialized","service":"economic-data-api","stack":"Error: Transformer model not initialized\n    at Object.predictLiquidityRegime (C:\\Users\\simba\\Desktop\\Copy\\web\\backend\\src\\services\\aiAnalysisService.js:570:15)\n    at Object.analyzeMarket (C:\\Users\\simba\\Desktop\\Copy\\web\\backend\\src\\services\\aiAnalysisService.js:768:14)\n    at Object.analyzeMarket (C:\\Users\\simba\\Desktop\\Copy\\web\\backend\\src\\controllers\\aiAnalysisController.js:53:48)\n    at process.processTicksAndRejections (node:internal/process/task_queues:95:5)","timestamp":"2025-05-13 15:47:35"}
{"level":"info","message":"Analyzing market data for GLD (weekly) for user anonymous","service":"economic-data-api","timestamp":"2025-05-13 15:49:46"}
{"level":"error","message":"Error predicting liquidity regime: Transformer model not initialized","service":"economic-data-api","stack":"Error: Transformer model not initialized\n    at Object.predictLiquidityRegime (C:\\Users\\simba\\Desktop\\Copy\\web\\backend\\src\\services\\aiAnalysisService.js:570:15)\n    at Object.analyzeMarket (C:\\Users\\simba\\Desktop\\Copy\\web\\backend\\src\\services\\aiAnalysisService.js:768:14)\n    at Object.analyzeMarket (C:\\Users\\simba\\Desktop\\Copy\\web\\backend\\src\\controllers\\aiAnalysisController.js:53:48)\n    at process.processTicksAndRejections (node:internal/process/task_queues:95:5)","timestamp":"2025-05-13 15:49:47"}
{"level":"info","message":"Analyzing market data for GLD (monthly) for user anonymous","service":"economic-data-api","timestamp":"2025-05-13 15:49:54"}
{"level":"error","message":"Error predicting liquidity regime: Transformer model not initialized","service":"economic-data-api","stack":"Error: Transformer model not initialized\n    at Object.predictLiquidityRegime (C:\\Users\\simba\\Desktop\\Copy\\web\\backend\\src\\services\\aiAnalysisService.js:570:15)\n    at Object.analyzeMarket (C:\\Users\\simba\\Desktop\\Copy\\web\\backend\\src\\services\\aiAnalysisService.js:768:14)\n    at Object.analyzeMarket (C:\\Users\\simba\\Desktop\\Copy\\web\\backend\\src\\controllers\\aiAnalysisController.js:53:48)\n    at process.processTicksAndRejections (node:internal/process/task_queues:95:5)","timestamp":"2025-05-13 15:49:54"}
{"level":"info","message":"Analyzing market data for GLD (weekly) for user anonymous","service":"economic-data-api","timestamp":"2025-05-13 15:50:03"}
{"level":"error","message":"Error predicting liquidity regime: Transformer model not initialized","service":"economic-data-api","stack":"Error: Transformer model not initialized\n    at Object.predictLiquidityRegime (C:\\Users\\simba\\Desktop\\Copy\\web\\backend\\src\\services\\aiAnalysisService.js:570:15)\n    at Object.analyzeMarket (C:\\Users\\simba\\Desktop\\Copy\\web\\backend\\src\\services\\aiAnalysisService.js:768:14)\n    at Object.analyzeMarket (C:\\Users\\simba\\Desktop\\Copy\\web\\backend\\src\\controllers\\aiAnalysisController.js:53:48)\n    at process.processTicksAndRejections (node:internal/process/task_queues:95:5)","timestamp":"2025-05-13 15:50:04"}
{"level":"info","message":"Analyzing market data for GLD (monthly) for user anonymous","service":"economic-data-api","timestamp":"2025-05-13 15:50:07"}
{"level":"error","message":"Error predicting liquidity regime: Transformer model not initialized","service":"economic-data-api","stack":"Error: Transformer model not initialized\n    at Object.predictLiquidityRegime (C:\\Users\\simba\\Desktop\\Copy\\web\\backend\\src\\services\\aiAnalysisService.js:570:15)\n    at Object.analyzeMarket (C:\\Users\\simba\\Desktop\\Copy\\web\\backend\\src\\services\\aiAnalysisService.js:768:14)\n    at Object.analyzeMarket (C:\\Users\\simba\\Desktop\\Copy\\web\\backend\\src\\controllers\\aiAnalysisController.js:53:48)\n    at process.processTicksAndRejections (node:internal/process/task_queues:95:5)","timestamp":"2025-05-13 15:50:08"}
{"level":"info","message":"Analyzing market data for GLD (weekly) for user anonymous","service":"economic-data-api","timestamp":"2025-05-13 15:50:12"}
{"level":"error","message":"Error predicting liquidity regime: Transformer model not initialized","service":"economic-data-api","stack":"Error: Transformer model not initialized\n    at Object.predictLiquidityRegime (C:\\Users\\simba\\Desktop\\Copy\\web\\backend\\src\\services\\aiAnalysisService.js:570:15)\n    at Object.analyzeMarket (C:\\Users\\simba\\Desktop\\Copy\\web\\backend\\src\\services\\aiAnalysisService.js:768:14)\n    at Object.analyzeMarket (C:\\Users\\simba\\Desktop\\Copy\\web\\backend\\src\\controllers\\aiAnalysisController.js:53:48)\n    at process.processTicksAndRejections (node:internal/process/task_queues:95:5)","timestamp":"2025-05-13 15:50:12"}
{"level":"info","message":"Analyzing market data for GLD (monthly) for user anonymous","service":"economic-data-api","timestamp":"2025-05-13 15:50:18"}
{"level":"error","message":"Error predicting liquidity regime: Transformer model not initialized","service":"economic-data-api","stack":"Error: Transformer model not initialized\n    at Object.predictLiquidityRegime (C:\\Users\\simba\\Desktop\\Copy\\web\\backend\\src\\services\\aiAnalysisService.js:570:15)\n    at Object.analyzeMarket (C:\\Users\\simba\\Desktop\\Copy\\web\\backend\\src\\services\\aiAnalysisService.js:768:14)\n    at Object.analyzeMarket (C:\\Users\\simba\\Desktop\\Copy\\web\\backend\\src\\controllers\\aiAnalysisController.js:53:48)\n    at process.processTicksAndRejections (node:internal/process/task_queues:95:5)","timestamp":"2025-05-13 15:50:18"}
{"level":"info","message":"Analyzing market data for GLD (monthly) for user anonymous","service":"economic-data-api","timestamp":"2025-05-13 15:50:33"}
{"level":"error","message":"Error predicting liquidity regime: Transformer model not initialized","service":"economic-data-api","stack":"Error: Transformer model not initialized\n    at Object.predictLiquidityRegime (C:\\Users\\simba\\Desktop\\Copy\\web\\backend\\src\\services\\aiAnalysisService.js:570:15)\n    at Object.analyzeMarket (C:\\Users\\simba\\Desktop\\Copy\\web\\backend\\src\\services\\aiAnalysisService.js:768:14)\n    at Object.analyzeMarket (C:\\Users\\simba\\Desktop\\Copy\\web\\backend\\src\\controllers\\aiAnalysisController.js:53:48)\n    at process.processTicksAndRejections (node:internal/process/task_queues:95:5)","timestamp":"2025-05-13 15:50:33"}
{"level":"info","message":"Analyzing market data for GLD (daily) for user anonymous","service":"economic-data-api","timestamp":"2025-05-13 15:50:39"}
{"level":"error","message":"Error predicting liquidity regime: Transformer model not initialized","service":"economic-data-api","stack":"Error: Transformer model not initialized\n    at Object.predictLiquidityRegime (C:\\Users\\simba\\Desktop\\Copy\\web\\backend\\src\\services\\aiAnalysisService.js:570:15)\n    at Object.analyzeMarket (C:\\Users\\simba\\Desktop\\Copy\\web\\backend\\src\\services\\aiAnalysisService.js:768:14)\n    at Object.analyzeMarket (C:\\Users\\simba\\Desktop\\Copy\\web\\backend\\src\\controllers\\aiAnalysisController.js:53:48)\n    at process.processTicksAndRejections (node:internal/process/task_queues:95:5)","timestamp":"2025-05-13 15:50:39"}
